  Program.cpp
C:\Users\PC1\OneDrive\Desktop\CofSophomore\CTDL-GT2\Lab06\Lab6_GraphAndAlgorithms\Lab6_GraphAndAlgorithms\Graph.h(15,23): warning C4018: '<': signed/unsigned mismatch
C:\Users\PC1\OneDrive\Desktop\CofSophomore\CTDL-GT2\Lab06\Lab6_GraphAndAlgorithms\Lab6_GraphAndAlgorithms\Graph.h(18,23): warning C4018: '<': signed/unsigned mismatch
C:\Users\PC1\OneDrive\Desktop\CofSophomore\CTDL-GT2\Lab06\Lab6_GraphAndAlgorithms\Lab6_GraphAndAlgorithms\Graph.h(21,24): warning C4018: '<': signed/unsigned mismatch
C:\Users\PC1\OneDrive\Desktop\CofSophomore\CTDL-GT2\Lab06\Lab6_GraphAndAlgorithms\Lab6_GraphAndAlgorithms\Graph.h(41,23): warning C4018: '<': signed/unsigned mismatch
C:\Users\PC1\OneDrive\Desktop\CofSophomore\CTDL-GT2\Lab06\Lab6_GraphAndAlgorithms\Lab6_GraphAndAlgorithms\Graph.h(42,24): warning C4018: '<': signed/unsigned mismatch
C:\Users\PC1\OneDrive\Desktop\CofSophomore\CTDL-GT2\Lab06\Lab6_GraphAndAlgorithms\Lab6_GraphAndAlgorithms\Graph.h(68,23): warning C4018: '<': signed/unsigned mismatch
C:\Users\PC1\OneDrive\Desktop\CofSophomore\CTDL-GT2\Lab06\Lab6_GraphAndAlgorithms\Lab6_GraphAndAlgorithms\Graph.h(90,24): warning C4018: '<': signed/unsigned mismatch
C:\Users\PC1\OneDrive\Desktop\CofSophomore\CTDL-GT2\Lab06\Lab6_GraphAndAlgorithms\Lab6_GraphAndAlgorithms\Graph.h(95,24): warning C4018: '<': signed/unsigned mismatch
C:\Users\PC1\OneDrive\Desktop\CofSophomore\CTDL-GT2\Lab06\Lab6_GraphAndAlgorithms\Lab6_GraphAndAlgorithms\Graph.h(96,25): warning C4018: '<': signed/unsigned mismatch
C:\Users\PC1\OneDrive\Desktop\CofSophomore\CTDL-GT2\Lab06\Lab6_GraphAndAlgorithms\Lab6_GraphAndAlgorithms\Graph.h(122,23): warning C4018: '<': signed/unsigned mismatch
C:\Users\PC1\OneDrive\Desktop\CofSophomore\CTDL-GT2\Lab06\Lab6_GraphAndAlgorithms\Lab6_GraphAndAlgorithms\Graph.h(130,23): warning C4018: '<': signed/unsigned mismatch
C:\Users\PC1\OneDrive\Desktop\CofSophomore\CTDL-GT2\Lab06\Lab6_GraphAndAlgorithms\Lab6_GraphAndAlgorithms\Graph.h(135,24): warning C4018: '<': signed/unsigned mismatch
C:\Users\PC1\OneDrive\Desktop\CofSophomore\CTDL-GT2\Lab06\Lab6_GraphAndAlgorithms\Lab6_GraphAndAlgorithms\Graph.h(144,24): warning C4018: '<': signed/unsigned mismatch
C:\Users\PC1\OneDrive\Desktop\CofSophomore\CTDL-GT2\Lab06\Lab6_GraphAndAlgorithms\Lab6_GraphAndAlgorithms\Graph.h(159,23): warning C4018: '<': signed/unsigned mismatch
C:\Users\PC1\OneDrive\Desktop\CofSophomore\CTDL-GT2\Lab06\Lab6_GraphAndAlgorithms\Lab6_GraphAndAlgorithms\Graph.h(172,25): warning C4018: '<': signed/unsigned mismatch
C:\Users\PC1\OneDrive\Desktop\CofSophomore\CTDL-GT2\Lab06\Lab6_GraphAndAlgorithms\Lab6_GraphAndAlgorithms\Graph.h(243,23): warning C4018: '<': signed/unsigned mismatch
C:\Users\PC1\OneDrive\Desktop\CofSophomore\CTDL-GT2\Lab06\Lab6_GraphAndAlgorithms\Lab6_GraphAndAlgorithms\Graph.h(247,23): warning C4018: '<': signed/unsigned mismatch
C:\Users\PC1\OneDrive\Desktop\CofSophomore\CTDL-GT2\Lab06\Lab6_GraphAndAlgorithms\Lab6_GraphAndAlgorithms\Graph.h(268,23): warning C4018: '<': signed/unsigned mismatch
C:\Users\PC1\OneDrive\Desktop\CofSophomore\CTDL-GT2\Lab06\Lab6_GraphAndAlgorithms\Lab6_GraphAndAlgorithms\Graph.h(288,23): warning C4018: '<': signed/unsigned mismatch
C:\Users\PC1\OneDrive\Desktop\CofSophomore\CTDL-GT2\Lab06\Lab6_GraphAndAlgorithms\Lab6_GraphAndAlgorithms\Graph.h(304,24): warning C4018: '<': signed/unsigned mismatch
C:\Users\PC1\OneDrive\Desktop\CofSophomore\CTDL-GT2\Lab06\Lab6_GraphAndAlgorithms\Lab6_GraphAndAlgorithms\Graph.h(309,62): warning C4390: ';': empty controlled statement found; is this the intent?
C:\Users\PC1\OneDrive\Desktop\CofSophomore\CTDL-GT2\Lab06\Lab6_GraphAndAlgorithms\Lab6_GraphAndAlgorithms\Graph.h(344,23): warning C4018: '<': signed/unsigned mismatch
C:\Users\PC1\OneDrive\Desktop\CofSophomore\CTDL-GT2\Lab06\Lab6_GraphAndAlgorithms\Lab6_GraphAndAlgorithms\Graph.h(363,23): warning C4018: '<': signed/unsigned mismatch
C:\Users\PC1\OneDrive\Desktop\CofSophomore\CTDL-GT2\Lab06\Lab6_GraphAndAlgorithms\Lab6_GraphAndAlgorithms\Graph.h(364,24): warning C4018: '<': signed/unsigned mismatch
C:\Users\PC1\OneDrive\Desktop\CofSophomore\CTDL-GT2\Lab06\Lab6_GraphAndAlgorithms\Lab6_GraphAndAlgorithms\Graph.h(370,23): warning C4018: '<': signed/unsigned mismatch
C:\Users\PC1\OneDrive\Desktop\CofSophomore\CTDL-GT2\Lab06\Lab6_GraphAndAlgorithms\Lab6_GraphAndAlgorithms\Graph.h(371,24): warning C4018: '<': signed/unsigned mismatch
C:\Users\PC1\OneDrive\Desktop\CofSophomore\CTDL-GT2\Lab06\Lab6_GraphAndAlgorithms\Lab6_GraphAndAlgorithms\Graph.h(372,25): warning C4018: '<': signed/unsigned mismatch
C:\Users\PC1\OneDrive\Desktop\CofSophomore\CTDL-GT2\Lab06\Lab6_GraphAndAlgorithms\Lab6_GraphAndAlgorithms\Graph.h(360,12): warning C4101: 'k': unreferenced local variable
C:\Users\PC1\OneDrive\Desktop\CofSophomore\CTDL-GT2\Lab06\Lab6_GraphAndAlgorithms\Lab6_GraphAndAlgorithms\Graph.h(360,9): warning C4101: 'j': unreferenced local variable
C:\Users\PC1\OneDrive\Desktop\CofSophomore\CTDL-GT2\Lab06\Lab6_GraphAndAlgorithms\Lab6_GraphAndAlgorithms\Graph.h(360,6): warning C4101: 'i': unreferenced local variable
C:\Users\PC1\OneDrive\Desktop\CofSophomore\CTDL-GT2\Lab06\Lab6_GraphAndAlgorithms\Lab6_GraphAndAlgorithms\Graph.h(397,23): warning C4018: '<': signed/unsigned mismatch
C:\Users\PC1\OneDrive\Desktop\CofSophomore\CTDL-GT2\Lab06\Lab6_GraphAndAlgorithms\Lab6_GraphAndAlgorithms\Graph.h(398,24): warning C4018: '<': signed/unsigned mismatch
C:\Users\PC1\OneDrive\Desktop\CofSophomore\CTDL-GT2\Lab06\Lab6_GraphAndAlgorithms\Lab6_GraphAndAlgorithms\Menu.h(33,10): warning C4101: 'v': unreferenced local variable
C:\Users\PC1\OneDrive\Desktop\CofSophomore\CTDL-GT2\Lab06\Lab6_GraphAndAlgorithms\Lab6_GraphAndAlgorithms\Menu.h(31,15): warning C4101: 'p2': unreferenced local variable
C:\Users\PC1\OneDrive\Desktop\CofSophomore\CTDL-GT2\Lab06\Lab6_GraphAndAlgorithms\Lab6_GraphAndAlgorithms\Menu.h(32,12): warning C4101: 'lab': unreferenced local variable
  Lab6_GraphAndAlgorithms.vcxproj -> C:\Users\PC1\OneDrive\Desktop\CofSophomore\CTDL-GT2\Lab06\Lab6_GraphAndAlgorithms\Debug\Lab6_GraphAndAlgorithms.exe
